**********************
Windows PowerShell transcript start
Start time: 20160705141527
Username: ENGM\a_rmul
RunAs User: ENGM\a_rmul
Machine: ENGMADM00111 (Microsoft Windows NT 6.2.9200.0)
Host Application: C:\Program Files (x86)\PowerGUI\ScriptEditor.exe -version 3.0
Process ID: 28840
**********************
Transcript started, output file is adpolice.log
VERBOSE: 14:15:27 : Importing ActiveDirectory Module
VERBOSE: 14:15:27 : Importing GroupPolicy Module
VERBOSE: 14:15:27 : Importing ADGPOlib.ps1
VERBOSE: 	Creating Global Variables
VERBOSE: 		$GPM as the Group Policy COM-object
VERBOSE: 		$constants as the Group Policy COM-object constants
VERBOSE: 	Defining Functions
VERBOSE: 		LoadHTMLDiff - Loads htmldiff.dll from current directory
VERBOSE: 		LoadConfig - Loads specified xmlfile and returns configuration-section as xml-object
VERBOSE: 14:15:27 : Loading htmldiff.dll
VERBOSE: 14:15:27 : Loading: C:\Users\a_rmul\Documents\AD_TAP_Checker_Dev\HtmlDiff.dll
VERBOSE: 14:15:27 : Loaded: HtmlDiff, Version=1.0.0.0, Culture=neutral, PublicKeyToken=null
VERBOSE: Loading .\domains.xml
VERBOSE: 14:15:27 : Loaded config from .\domains.xml
VERBOSE: 14:15:27 : Region Backup GPOs
VERBOSE: 14:15:27 engt.local: Creating Report Path C:\GPOBackup\engt.local\Reports if not exist
VERBOSE: 14:15:27 engt.local: Creating Backup Path c:\GPOBackup\engt.local\Backups if not exist
VERBOSE: 14:15:27 engt.local: Getting all GPOs
VERBOSE: 14:15:27 engt.local: Getting old Backups from c:\GPOBackup\engt.local\Backups
VERBOSE: 14:15:27 engt.local: Checking CP_Database_Servers_Baseline_v1.0
VERBOSE: 14:15:27 engt.local: 	Last Backup found from 07/05/2016 14:09:24
VERBOSE: 14:15:27 engt.local: 	Last modified 02/09/2016 12:48:20, so already in backup
VERBOSE: 14:15:27 engt.local: Checking Bofit_Server
VERBOSE: 14:15:27 engt.local: 	Last Backup found from 07/05/2016 14:09:26
VERBOSE: 14:15:27 engt.local: 	Last modified 05/04/2016 11:42:28, so already in backup
VERBOSE: 14:15:27 engt.local: Checking CP_Application_Servers_Baseline_v1.0
VERBOSE: 14:15:27 engt.local: 	Last Backup found from 07/05/2016 14:09:27
VERBOSE: 14:15:27 engt.local: 	Last modified 04/25/2016 15:18:50, so already in backup
VERBOSE: 14:15:27 engt.local: Checking UP_MicrosoftOffice2010_v1.0
VERBOSE: 14:15:27 engt.local: 	Last Backup found from 07/05/2016 14:09:29
VERBOSE: 14:15:27 engt.local: 	Last modified 02/15/2016 09:47:58, so already in backup
VERBOSE: 14:15:27 engt.local: Checking CP_Wsus_v1.0
VERBOSE: 14:15:27 engt.local: 	Last Backup found from 07/05/2016 14:09:30
VERBOSE: 14:15:27 engt.local: 	Last modified 02/16/2016 13:04:56, so already in backup
VERBOSE: 14:15:27 engt.local: Checking CP_File_Servers_Baseline_v1.0
VERBOSE: 14:15:27 engt.local: 	Last Backup found from 07/05/2016 14:09:32
VERBOSE: 14:15:27 engt.local: 	Last modified 01/15/2016 00:27:22, so already in backup
VERBOSE: 14:15:27 engt.local: Checking CP_Citrix_User_Policy_v1.0
VERBOSE: 14:15:27 engt.local: 	Last Backup found from 07/05/2016 14:09:33
VERBOSE: 14:15:27 engt.local: 	Last modified 04/25/2016 15:45:34, so already in backup
VERBOSE: 14:15:27 engt.local: Checking CP_Domain_Baseline_v1.0
VERBOSE: 14:15:27 engt.local: 	Last Backup found from 07/05/2016 14:09:39
VERBOSE: 14:15:27 engt.local: 	Last modified 01/28/2016 15:28:04, so already in backup
VERBOSE: 14:15:27 engt.local: Checking Default Domain Policy
VERBOSE: 14:15:27 engt.local: 	Last Backup found from 07/05/2016 14:09:41
VERBOSE: 14:15:27 engt.local: 	Last modified 06/16/2016 10:26:24, so already in backup
VERBOSE: 14:15:27 engt.local: Checking UP_Regional Settings
VERBOSE: 14:15:27 engt.local: 	Last Backup found from 07/05/2016 14:09:43
VERBOSE: 14:15:27 engt.local: 	Last modified 06/10/2016 16:40:46, so already in backup
VERBOSE: 14:15:27 engt.local: Checking CP_TMG_Servers_Baseline_v1.0
VERBOSE: 14:15:27 engt.local: 	Last Backup found from 07/05/2016 14:09:45
VERBOSE: 14:15:27 engt.local: 	Last modified 01/15/2016 00:27:20, so already in backup
VERBOSE: 14:15:27 engt.local: Checking CP_Citrix_Xenapp_Servers_v1.0
VERBOSE: 14:15:27 engt.local: 	Last Backup found from 07/05/2016 14:09:46
VERBOSE: 14:15:27 engt.local: 	Last modified 04/12/2016 13:33:16, so already in backup
VERBOSE: 14:15:27 engt.local: Checking CP_Citrix_Servers_Baseline_v1.0
VERBOSE: 14:15:28 engt.local: 	Last Backup found from 07/05/2016 14:09:48
VERBOSE: 14:15:28 engt.local: 	Last modified 02/09/2016 18:38:46, so already in backup
VERBOSE: 14:15:28 engt.local: Checking InHouseTooling_Server
VERBOSE: 14:15:28 engt.local: 	Last Backup found from 07/05/2016 14:09:49
VERBOSE: 14:15:28 engt.local: 	Last modified 02/08/2016 13:13:22, so already in backup
VERBOSE: 14:15:28 engt.local: Checking Default Domain Controllers Policy
VERBOSE: 14:15:28 engt.local: 	Last Backup found from 07/05/2016 14:09:51
VERBOSE: 14:15:28 engt.local: 	Last modified 03/04/2016 21:52:10, so already in backup
VERBOSE: 14:15:28 engt.local: Checking NMC_Server
VERBOSE: 14:15:28 engt.local: 	Last Backup found from 07/05/2016 14:09:52
VERBOSE: 14:15:28 engt.local: 	Last modified 06/07/2016 13:05:54, so already in backup
VERBOSE: 14:15:28 engt.local: Checking eBase_Server
VERBOSE: 14:15:28 engt.local: 	Last Backup found from 07/05/2016 14:09:54
VERBOSE: 14:15:28 engt.local: 	Last modified 06/30/2016 22:36:10, so already in backup
VERBOSE: 14:15:28 engt.local: Checking CP_Temp_Allow_RDP_Access
VERBOSE: 14:15:28 engt.local: 	Last Backup found from 07/05/2016 14:09:56
VERBOSE: 14:15:28 engt.local: 	Last modified 02/15/2016 22:28:30, so already in backup
VERBOSE: 14:15:28 engt.local: Checking CP_Citrix_XenApp_Servers_Build_v1.0
VERBOSE: 14:15:28 engt.local: 	Last Backup found from 07/05/2016 14:09:57
VERBOSE: 14:15:28 engt.local: 	Last modified 02/22/2016 10:21:44, so already in backup
VERBOSE: 14:15:28 engt.local: Checking SATScala_Server
VERBOSE: 14:15:28 engt.local: 	Last Backup found from 07/05/2016 14:09:59
VERBOSE: 14:15:28 engt.local: 	Last modified 06/09/2016 08:30:12, so already in backup
VERBOSE: 14:15:28 engt.local: Checking SettlementTracker_Server
VERBOSE: 14:15:28 engt.local: 	Last Backup found from 07/05/2016 14:10:00
VERBOSE: 14:15:28 engt.local: 	Last modified 06/28/2016 11:11:18, so already in backup
VERBOSE: 14:15:28 engt.local: Checking CP_Servers_Baseline_v1.0
VERBOSE: 14:15:28 engt.local: 	Last Backup found from 07/05/2016 14:10:01
VERBOSE: 14:15:28 engt.local: 	Last modified 05/19/2016 11:16:38, so already in backup
VERBOSE: 14:15:28 engt.local: Checking FasTracker_Server
VERBOSE: 14:15:28 engt.local: 	Last Backup found from 07/05/2016 14:10:04
VERBOSE: 14:15:28 engt.local: 	Last modified 02/11/2016 13:21:24, so already in backup
VERBOSE: 14:15:28 engt.local: Checking Test_Dennis_IE10
VERBOSE: 14:15:28 engt.local: 	Last Backup found from 07/05/2016 14:10:05
VERBOSE: 14:15:28 engt.local: 	Last modified 04/13/2016 15:53:56, so already in backup
VERBOSE: 14:15:28 engt.local: Checking IntradayPower_Server
VERBOSE: 14:15:28 engt.local: 	Last Backup found from 07/05/2016 14:10:07
VERBOSE: 14:15:28 engt.local: 	Last modified 01/29/2016 14:28:22, so already in backup
VERBOSE: 14:15:28 engt.local: Checking CP_Web_Servers_Baseline_v1.0
VERBOSE: 14:15:28 engt.local: 	Last Backup found from 07/05/2016 14:10:08
VERBOSE: 14:15:28 engt.local: 	Last modified 01/15/2016 00:27:20, so already in backup
VERBOSE: 14:15:28 engt.local: Checking CP_Mail_Servers_Baseline_v1.0
VERBOSE: 14:15:28 engt.local: 	Last Backup found from 07/05/2016 14:10:10
VERBOSE: 14:15:28 engt.local: 	Last modified 03/04/2016 16:51:48, so already in backup
VERBOSE: 14:15:28 engp.local: Creating Report Path C:\GPOBackup\engp.local\Reports if not exist
VERBOSE: 14:15:28 engp.local: Creating Backup Path c:\GPOBackup\engp.local\Backups if not exist
VERBOSE: 14:15:28 engp.local: Getting all GPOs
VERBOSE: 14:15:28 engp.local: Getting old Backups from c:\GPOBackup\engp.local\Backups
VERBOSE: 14:15:28 engp.local: Checking CP_Web_Servers_Baseline_v1.0
VERBOSE: 14:15:28 engp.local: 	Last Backup found from 07/05/2016 14:10:12
VERBOSE: 14:15:28 engp.local: 	Last modified 01/15/2016 09:32:52, so already in backup
VERBOSE: 14:15:28 engp.local: Checking CP_Wsus_v1.0
VERBOSE: 14:15:28 engp.local: 	Last Backup found from 07/05/2016 14:10:13
VERBOSE: 14:15:28 engp.local: 	Last modified 02/26/2016 18:21:16, so already in backup
VERBOSE: 14:15:28 engp.local: Checking Default Domain Policy
VERBOSE: 14:15:28 engp.local: 	Last Backup found from 07/05/2016 14:10:17
VERBOSE: 14:15:28 engp.local: 	Last modified 01/15/2016 12:04:40, so already in backup
VERBOSE: 14:15:28 engp.local: Checking Default Domain Controllers Policy
VERBOSE: 14:15:28 engp.local: 	Last Backup found from 07/05/2016 14:10:18
VERBOSE: 14:15:28 engp.local: 	Last modified 01/15/2016 09:28:14, so already in backup
VERBOSE: 14:15:28 engp.local: Checking CP_Database_Servers_Baseline_v1.0
VERBOSE: 14:15:28 engp.local: 	Last Backup found from 07/05/2016 14:10:20
VERBOSE: 14:15:28 engp.local: 	Last modified 02/09/2016 15:55:36, so already in backup
VERBOSE: 14:15:28 engp.local: Checking Trayport_Handler_v1
VERBOSE: 14:15:28 engp.local: 	Last Backup found from 07/05/2016 14:10:21
VERBOSE: 14:15:28 engp.local: 	Last modified 02/29/2016 16:43:54, so already in backup
VERBOSE: 14:15:28 engp.local: Checking CP_Citrix_Servers_Baseline_v1.0
VERBOSE: 14:15:28 engp.local: 	Last Backup found from 07/05/2016 14:10:23
VERBOSE: 14:15:28 engp.local: 	Last modified 01/15/2016 09:32:56, so already in backup
VERBOSE: 14:15:28 engp.local: Checking CP_TMG_Servers_Baseline_v1.0
VERBOSE: 14:15:28 engp.local: 	Last Backup found from 07/05/2016 14:10:25
VERBOSE: 14:15:28 engp.local: 	Last modified 01/15/2016 09:32:54, so already in backup
VERBOSE: 14:15:28 engp.local: Checking CP_File_Servers_Baseline_v1.0
VERBOSE: 14:15:28 engp.local: 	Last Backup found from 07/05/2016 14:10:26
VERBOSE: 14:15:28 engp.local: 	Last modified 01/15/2016 09:32:54, so already in backup
VERBOSE: 14:15:28 engp.local: Checking CP_Domain_Baseline_v1.0
VERBOSE: 14:15:28 engp.local: 	Last Backup found from 07/05/2016 14:10:27
VERBOSE: 14:15:28 engp.local: 	Last modified 01/15/2016 09:32:54, so already in backup
VERBOSE: 14:15:28 engp.local: Checking CP_Servers_Baseline_v1.0
VERBOSE: 14:15:28 engp.local: 	Last Backup found from 07/05/2016 14:10:31
VERBOSE: 14:15:28 engp.local: 	Last modified 02/26/2016 12:08:08, so already in backup
VERBOSE: 14:15:28 engp.local: Checking CP_Mail_Servers_Baseline_v1.0
VERBOSE: 14:15:28 engp.local: 	Last Backup found from 07/05/2016 14:10:32
VERBOSE: 14:15:28 engp.local: 	Last modified 01/15/2016 09:32:54, so already in backup
VERBOSE: 14:15:28 engp.local: Checking CP_Application_Servers_Baseline_v1.0
VERBOSE: 14:15:28 engp.local: 	Last Backup found from 07/05/2016 14:10:33
VERBOSE: 14:15:28 engp.local: 	Last modified 06/09/2016 15:49:52, so already in backup
VERBOSE: 14:15:28 enga.local: Creating Report Path C:\GPOBackup\enga.local\Reports if not exist
VERBOSE: 14:15:28 enga.local: Creating Backup Path c:\GPOBackup\enga.local\Backups if not exist
VERBOSE: 14:15:28 enga.local: Getting all GPOs
VERBOSE: 14:15:28 enga.local: Getting old Backups from c:\GPOBackup\enga.local\Backups
VERBOSE: 14:15:28 enga.local: Checking Default Domain Policy
VERBOSE: 14:15:28 enga.local: 	Last Backup found from 07/05/2016 14:10:37
VERBOSE: 14:15:28 enga.local: 	Last modified 06/29/2016 13:14:04, so already in backup
VERBOSE: 14:15:28 enga.local: Checking CP_Application_Servers_Baseline_v1.0
VERBOSE: 14:15:28 enga.local: 	Last Backup found from 07/05/2016 14:10:38
VERBOSE: 14:15:28 enga.local: 	Last modified 06/29/2016 12:34:24, so already in backup
VERBOSE: 14:15:28 enga.local: Checking CP_TMG_Servers_Baseline_v1.0
VERBOSE: 14:15:28 enga.local: 	Last Backup found from 07/05/2016 14:10:40
VERBOSE: 14:15:28 enga.local: 	Last modified 06/29/2016 12:34:22, so already in backup
VERBOSE: 14:15:28 enga.local: Checking CP_Mail_Servers_Baseline_v1.0
VERBOSE: 14:15:28 enga.local: 	Last Backup found from 07/05/2016 14:10:41
VERBOSE: 14:15:28 enga.local: 	Last modified 06/29/2016 12:34:24, so already in backup
VERBOSE: 14:15:28 enga.local: Checking CP_File_Servers_Baseline_v1.0
VERBOSE: 14:15:28 enga.local: 	Last Backup found from 07/05/2016 14:10:42
VERBOSE: 14:15:28 enga.local: 	Last modified 06/29/2016 12:34:24, so already in backup
VERBOSE: 14:15:28 enga.local: Checking Default Domain Controllers Policy
VERBOSE: 14:15:28 enga.local: 	Last Backup found from 07/05/2016 14:10:44
VERBOSE: 14:15:28 enga.local: 	Last modified 06/29/2016 12:29:24, so already in backup
VERBOSE: 14:15:28 enga.local: Checking CP_Database_Servers_Baseline_v1.0
VERBOSE: 14:15:28 enga.local: 	Last Backup found from 07/05/2016 14:10:46
VERBOSE: 14:15:28 enga.local: 	Last modified 06/29/2016 12:34:24, so already in backup
VERBOSE: 14:15:28 enga.local: Checking CP_Web_Servers_Baseline_v1.0
VERBOSE: 14:15:28 enga.local: 	Last Backup found from 07/05/2016 14:10:47
VERBOSE: 14:15:28 enga.local: 	Last modified 06/29/2016 12:34:22, so already in backup
VERBOSE: 14:15:28 enga.local: Checking CP_Servers_Baseline_v1.0
VERBOSE: 14:15:28 enga.local: 	Last Backup found from 07/05/2016 14:10:48
VERBOSE: 14:15:28 enga.local: 	Last modified 06/29/2016 12:34:24, so already in backup
VERBOSE: 14:15:28 enga.local: Checking CP_Citrix_Servers_Baseline_v1.0
VERBOSE: 14:15:28 enga.local: 	Last Backup found from 07/05/2016 14:10:50
VERBOSE: 14:15:28 enga.local: 	Last modified 06/29/2016 12:34:24, so already in backup
VERBOSE: 14:15:28 enga.local: Checking CP_Domain_Baseline_v1.0
VERBOSE: 14:15:28 enga.local: 	Last Backup found from 07/05/2016 14:10:51
VERBOSE: 14:15:28 enga.local: 	Last modified 06/29/2016 12:34:24, so already in backup
VERBOSE: 14:15:28 : Region Get all GPOReports in XML format
VERBOSE: 14:15:28 engt.local: Getting XML GPOReports
VERBOSE: 14:15:36 engt.local : Retrieved 27 XML GPOReports
VERBOSE: 14:15:37 engp.local: Getting XML GPOReports
VERBOSE: 14:15:38 engp.local : Retrieved 13 XML GPOReports
VERBOSE: 14:15:38 enga.local: Getting XML GPOReports
VERBOSE: 14:15:39 enga.local : Retrieved 11 XML GPOReports


    Directory: C:\GPOBackup


Mode                LastWriteTime     Length Name
----                -------------     ------ ----
d----          7/5/2016  11:59 AM            OUDiff
d----          7/5/2016  11:59 AM            Obsoleted GPOs
VERBOSE: 14:15:43 : Region Get GPOs across domains
d----          7/5/2016  11:59 AM            GPDiff
VERBOSE: 14:15:43 : Region GPOLinks per Domain
VERBOSE: 14:15:43 engt.local: Found DC ENGTDC00601.engt.local
VERBOSE: 14:15:43 engt.local: Getting GPOLinks for DC=engt,DC=local
VERBOSE: 14:15:43 engt.local: Getting all OUs
VERBOSE: 14:15:43 engt.local: Getting GPOLinks for all 40 OUs
VERBOSE: 14:15:43 engt.local: Searching most recent GPOLinkreport in C:\GPOBackup\engt.local\GPOLinkReports
VERBOSE: 14:15:43 engt.local: Getting content from C:\GPOBackup\engt.local\GPOLinkReports\GpoLinkReport_20160705141107.html
VERBOSE: 14:15:45 engt.local: Comparing C:\GPOBackup\engt.local\GPOLinkReports\GpoLinkReport_20160705141107.html with current report
VERBOSE: 14:15:45 engt.local: GPO Links Not changed since last report 07/05/2016 14:11:10
VERBOSE: 14:15:45 engp.local: Found DC ENGPDC00601.engp.local
VERBOSE: 14:15:45 engp.local: Getting GPOLinks for DC=engp,DC=local
VERBOSE: 14:15:45 engp.local: Getting all OUs
VERBOSE: 14:15:45 engp.local: Getting GPOLinks for all 22 OUs
VERBOSE: 14:15:45 engp.local: Searching most recent GPOLinkreport in C:\GPOBackup\engp.local\GPOLinkReports
VERBOSE: 14:15:45 engp.local: Getting content from C:\GPOBackup\engp.local\GPOLinkReports\GpoLinkReport_20160705141110.html
VERBOSE: 14:15:45 engp.local: Comparing C:\GPOBackup\engp.local\GPOLinkReports\GpoLinkReport_20160705141110.html with current report
VERBOSE: 14:15:45 engp.local: GPO Links Not changed since last report 07/05/2016 14:11:11
VERBOSE: 14:15:45 enga.local: Found DC ENGADC00601.enga.local
VERBOSE: 14:15:45 enga.local: Getting GPOLinks for DC=enga,DC=local
VERBOSE: 14:15:45 enga.local: Getting all OUs
VERBOSE: 14:15:45 enga.local: Getting GPOLinks for all 20 OUs
VERBOSE: 14:15:46 enga.local: Searching most recent GPOLinkreport in C:\GPOBackup\enga.local\GPOLinkReports
VERBOSE: 14:15:46 enga.local: Getting content from C:\GPOBackup\enga.local\GPOLinkReports\GpoLinkReport_20160705141111.html
VERBOSE: 14:15:46 enga.local: Comparing C:\GPOBackup\enga.local\GPOLinkReports\GpoLinkReport_20160705141111.html with current report
VERBOSE: 14:15:46 enga.local: GPO Links Not changed since last report 07/05/2016 14:11:12
VERBOSE: 14:15:46 : Region GPOLinks across Domains
VERBOSE: 14:15:46 engt.local: Neutralizing 42 GPO links
VERBOSE: 14:15:47 engp.local: Neutralizing 24 GPO links
VERBOSE: 14:15:47 enga.local: Neutralizing 22 GPO links
VERBOSE: 14:15:48 : Sorting and selecting unique neutralized GPO links
VERBOSE: 14:15:48 : Comparing 30 neutralized GPO links with domains
VERBOSE: 14:15:52 : Done Comparing 30 neutralized GPO links with domains
d----          7/5/2016  11:59 AM            GPLinkDiff
**********************
Windows PowerShell transcript end
End time: 20160705141553
**********************
